Start testing: Dec 06 22:29 EAT
----------------------------------------------------------
2/2 Testing: test_2
2/2 Test: test_2
Command: "/home/bumbuna/Developer/building-an-interpreter-a-repl-calculator/build/repl_calculator" "test_file_2"
Directory: /home/bumbuna/Developer/building-an-interpreter-a-repl-calculator/build
"test_2" start time: Dec 06 22:29 EAT
Output:
----------------------------------------------------------
[1;31mSyntaxError: Expected end of expression near ).[0m

<end of output>
Test time =   0.01 sec
----------------------------------------------------------
Test Passed.
"test_2" end time: Dec 06 22:29 EAT
"test_2" time elapsed: 00:00:00
----------------------------------------------------------

1/2 Testing: test_1
1/2 Test: test_1
Command: "/home/bumbuna/Developer/building-an-interpreter-a-repl-calculator/build/repl_calculator" "test_file_1"
Directory: /home/bumbuna/Developer/building-an-interpreter-a-repl-calculator/build
"test_1" start time: Dec 06 22:29 EAT
Output:
----------------------------------------------------------
[1;32m4[0m.

<end of output>
Test time =   0.00 sec
----------------------------------------------------------
Test Passed.
"test_1" end time: Dec 06 22:29 EAT
"test_1" time elapsed: 00:00:00
----------------------------------------------------------

End testing: Dec 06 22:29 EAT
