<?xml version="1.0" encoding="UTF-8"?>
<Site BuildName="(empty)"
	BuildStamp="20221206-1815-Experimental"
	Name="(empty)"
	Generator="ctest-3.22.1"
	CompilerName=""
	CompilerVersion=""
	OSName="Linux"
	Hostname="bumbuna"
	OSRelease="5.15.0-53-generic"
	OSVersion="#59-Ubuntu SMP Mon Oct 17 18:53:30 UTC 2022"
	OSPlatform="x86_64"
	Is64Bits="1"
	VendorString="GenuineIntel"
	VendorID="Intel Corporation"
	FamilyID="6"
	ModelID="78"
	ProcessorCacheSize="3072"
	NumberOfLogicalCPU="4"
	NumberOfPhysicalCPU="2"
	TotalVirtualMemory="2048"
	TotalPhysicalMemory="7797"
	LogicalProcessorsPerPhysical="2"
	ProcessorClockFrequency="2262.12"
	>
	<Testing>
		<StartDateTime>Dec 06 22:29 EAT</StartDateTime>
		<StartTestTime>1670354982</StartTestTime>
		<TestList>
			<Test>./test_2</Test>
			<Test>./test_1</Test>
		</TestList>
		<Test Status="passed">
			<Name>test_2</Name>
			<Path>.</Path>
			<FullName>./test_2</FullName>
			<FullCommandLine>/home/bumbuna/Developer/building-an-interpreter-a-repl-calculator/build/repl_calculator "test_file_2"</FullCommandLine>
			<Results>
				<NamedMeasurement type="text/string" name="Exit Code">
					<Value>Completed</Value>
				</NamedMeasurement>
				<NamedMeasurement type="text/string" name="Exit Value">
					<Value>1</Value>
				</NamedMeasurement>
				<NamedMeasurement type="numeric/double" name="Execution Time">
					<Value>0.00540727</Value>
				</NamedMeasurement>
				<NamedMeasurement type="numeric/double" name="Processors">
					<Value>1</Value>
				</NamedMeasurement>
				<NamedMeasurement type="text/string" name="Completion Status">
					<Value>Completed</Value>
				</NamedMeasurement>
				<NamedMeasurement type="text/string" name="Command Line">
					<Value>/home/bumbuna/Developer/building-an-interpreter-a-repl-calculator/build/repl_calculator "test_file_2"</Value>
				</NamedMeasurement>
				<NamedMeasurement type="text/string" name="Environment">
					<Value>#CTEST_RESOURCE_GROUP_COUNT=</Value>
				</NamedMeasurement>
				<Measurement>
					<Value>[NON-XML-CHAR-0x1B][1;31mSyntaxError: Expected end of expression near ).[NON-XML-CHAR-0x1B][0m

</Value>
				</Measurement>
			</Results>
		</Test>
		<Test Status="passed">
			<Name>test_1</Name>
			<Path>.</Path>
			<FullName>./test_1</FullName>
			<FullCommandLine>/home/bumbuna/Developer/building-an-interpreter-a-repl-calculator/build/repl_calculator "test_file_1"</FullCommandLine>
			<Results>
				<NamedMeasurement type="numeric/double" name="Execution Time">
					<Value>0.00302928</Value>
				</NamedMeasurement>
				<NamedMeasurement type="numeric/double" name="Processors">
					<Value>1</Value>
				</NamedMeasurement>
				<NamedMeasurement type="text/string" name="Completion Status">
					<Value>Completed</Value>
				</NamedMeasurement>
				<NamedMeasurement type="text/string" name="Command Line">
					<Value>/home/bumbuna/Developer/building-an-interpreter-a-repl-calculator/build/repl_calculator "test_file_1"</Value>
				</NamedMeasurement>
				<NamedMeasurement type="text/string" name="Environment">
					<Value>#CTEST_RESOURCE_GROUP_COUNT=</Value>
				</NamedMeasurement>
				<Measurement>
					<Value>[NON-XML-CHAR-0x1B][1;32m4[NON-XML-CHAR-0x1B][0m.

</Value>
				</Measurement>
			</Results>
		</Test>
		<EndDateTime>Dec 06 22:29 EAT</EndDateTime>
		<EndTestTime>1670354982</EndTestTime>
		<ElapsedMinutes>0</ElapsedMinutes>
	</Testing>
</Site>
